This file contains any messages produced by compilers while
running configure, to aid debugging if configure makes a mistake.

It was created by e_libs configure 1.1.0, which was
generated by GNU Autoconf 2.63.  Invocation command line was

  $ ./configure --prefix=/root/tmp_install/

## --------- ##
## Platform. ##
## --------- ##

hostname = localhost.localdomain
uname -m = i686
uname -r = 2.6.27.25-170.2.72.fc10.i686
uname -s = Linux
uname -v = #1 SMP Sun Jun 21 19:03:24 EDT 2009

/usr/bin/uname -p = unknown
/bin/uname -X     = unknown

/bin/arch              = i686
/usr/bin/arch -k       = unknown
/usr/convex/getsysinfo = unknown
/usr/bin/hostinfo      = unknown
/bin/machine           = unknown
/usr/bin/oslevel       = unknown
/bin/universe          = unknown

PATH: /usr/lib/qt-3.3/bin
PATH: /usr/kerberos/sbin
PATH: /usr/kerberos/bin
PATH: /usr/local/sbin
PATH: /usr/local/bin
PATH: /sbin
PATH: /bin
PATH: /usr/sbin
PATH: /usr/bin
PATH: /root/bin


## ----------- ##
## Core tests. ##
## ----------- ##

configure:2123: checking for a BSD-compatible install
configure:2191: result: /usr/bin/install -c
configure:2202: checking whether build environment is sane
configure:2262: result: yes
configure:2403: checking for a thread-safe mkdir -p
configure:2442: result: /bin/mkdir -p
configure:2455: checking for gawk
configure:2471: found /bin/gawk
configure:2482: result: gawk
configure:2493: checking whether make sets $(MAKE)
configure:2515: result: yes
configure:2625: checking for style of include used by make
configure:2653: result: GNU
configure:2723: checking for gcc
configure:2739: found /usr/bin/gcc
configure:2750: result: gcc
configure:2982: checking for C compiler version
configure:2990: gcc --version >&5
gcc (GCC) 4.3.2 20081105 (Red Hat 4.3.2-7)
Copyright (C) 2008 Free Software Foundation, Inc.
This is free software; see the source for copying conditions.  There is NO
warranty; not even for MERCHANTABILITY or FITNESS FOR A PARTICULAR PURPOSE.

configure:2994: $? = 0
configure:3001: gcc -v >&5
Using built-in specs.
Target: i386-redhat-linux
Configured with: ../configure --prefix=/usr --mandir=/usr/share/man --infodir=/usr/share/info --with-bugurl=http://bugzilla.redhat.com/bugzilla --enable-bootstrap --enable-shared --enable-threads=posix --enable-checking=release --with-system-zlib --enable-__cxa_atexit --disable-libunwind-exceptions --enable-languages=c,c++,objc,obj-c++,java,fortran,ada --enable-java-awt=gtk --disable-dssi --enable-plugin --with-java-home=/usr/lib/jvm/java-1.5.0-gcj-1.5.0.0/jre --enable-libgcj-multifile --enable-java-maintainer-mode --with-ecj-jar=/usr/share/java/eclipse-ecj.jar --disable-libjava-multilib --with-cpu=generic --build=i386-redhat-linux
Thread model: posix
gcc version 4.3.2 20081105 (Red Hat 4.3.2-7) (GCC) 
configure:3005: $? = 0
configure:3012: gcc -V >&5
gcc: '-V' option must have argument
configure:3016: $? = 1
configure:3039: checking for C compiler default output file name
configure:3061: gcc    conftest.c  >&5
configure:3065: $? = 0
configure:3103: result: a.out
configure:3122: checking whether the C compiler works
configure:3132: ./a.out
configure:3136: $? = 0
configure:3155: result: yes
configure:3162: checking whether we are cross compiling
configure:3164: result: no
configure:3167: checking for suffix of executables
configure:3174: gcc -o conftest    conftest.c  >&5
configure:3178: $? = 0
configure:3204: result: 
configure:3210: checking for suffix of object files
configure:3236: gcc -c   conftest.c >&5
configure:3240: $? = 0
configure:3265: result: o
configure:3269: checking whether we are using the GNU C compiler
configure:3298: gcc -c   conftest.c >&5
configure:3305: $? = 0
configure:3322: result: yes
configure:3331: checking whether gcc accepts -g
configure:3361: gcc -c -g  conftest.c >&5
configure:3368: $? = 0
configure:3469: result: yes
configure:3486: checking for gcc option to accept ISO C89
configure:3560: gcc  -c -g -O2  conftest.c >&5
configure:3567: $? = 0
configure:3590: result: none needed
configure:3610: checking dependency style of gcc
configure:3720: result: gcc3
configure:3741: checking how to run the C preprocessor
configure:3781: gcc -E  conftest.c
configure:3788: $? = 0
configure:3819: gcc -E  conftest.c
conftest.c:10:28: error: ac_nonexistent.h: No such file or directory
configure:3826: $? = 1
configure: failed program was:
| /* confdefs.h.  */
| #define PACKAGE_NAME "e_libs"
| #define PACKAGE_TARNAME "e_libs"
| #define PACKAGE_VERSION "1.1.0"
| #define PACKAGE_STRING "e_libs 1.1.0"
| #define PACKAGE_BUGREPORT ""
| #define PACKAGE "e_libs"
| #define VERSION "1.1.0"
| /* end confdefs.h.  */
| #include <ac_nonexistent.h>
configure:3859: result: gcc -E
configure:3888: gcc -E  conftest.c
configure:3895: $? = 0
configure:3926: gcc -E  conftest.c
conftest.c:10:28: error: ac_nonexistent.h: No such file or directory
configure:3933: $? = 1
configure: failed program was:
| /* confdefs.h.  */
| #define PACKAGE_NAME "e_libs"
| #define PACKAGE_TARNAME "e_libs"
| #define PACKAGE_VERSION "1.1.0"
| #define PACKAGE_STRING "e_libs 1.1.0"
| #define PACKAGE_BUGREPORT ""
| #define PACKAGE "e_libs"
| #define VERSION "1.1.0"
| /* end confdefs.h.  */
| #include <ac_nonexistent.h>
configure:3973: checking for grep that handles long lines and -e
configure:4033: result: /bin/grep
configure:4038: checking for egrep
configure:4102: result: /bin/grep -E
configure:4107: checking for ANSI C header files
configure:4137: gcc -c -g -O2  conftest.c >&5
configure:4144: $? = 0
configure:4243: gcc -o conftest -g -O2   conftest.c  >&5
configure:4247: $? = 0
configure:4253: ./conftest
configure:4257: $? = 0
configure:4275: result: yes
configure:4299: checking for logging support
configure:4302: result: yes
configure:4329: checking for net library support
configure:4332: result: yes
configure:4360: checking for timer library support
configure:4363: result: yes
configure:4391: checking for startup library support
configure:4394: result: yes
configure:4422: checking for conf library support
configure:4425: result: yes
configure:4452: checking for assertion support
configure:4455: result: yes
configure:4478: checking whether ln -s works
configure:4482: result: yes
configure:4489: checking whether make sets $(MAKE)
configure:4511: result: yes
configure:4534: checking for a BSD-compatible install
configure:4602: result: /usr/bin/install -c
configure:4661: checking for gcc
configure:4688: result: gcc
configure:4920: checking for C compiler version
configure:4928: gcc --version >&5
gcc (GCC) 4.3.2 20081105 (Red Hat 4.3.2-7)
Copyright (C) 2008 Free Software Foundation, Inc.
This is free software; see the source for copying conditions.  There is NO
warranty; not even for MERCHANTABILITY or FITNESS FOR A PARTICULAR PURPOSE.

configure:4932: $? = 0
configure:4939: gcc -v >&5
Using built-in specs.
Target: i386-redhat-linux
Configured with: ../configure --prefix=/usr --mandir=/usr/share/man --infodir=/usr/share/info --with-bugurl=http://bugzilla.redhat.com/bugzilla --enable-bootstrap --enable-shared --enable-threads=posix --enable-checking=release --with-system-zlib --enable-__cxa_atexit --disable-libunwind-exceptions --enable-languages=c,c++,objc,obj-c++,java,fortran,ada --enable-java-awt=gtk --disable-dssi --enable-plugin --with-java-home=/usr/lib/jvm/java-1.5.0-gcj-1.5.0.0/jre --enable-libgcj-multifile --enable-java-maintainer-mode --with-ecj-jar=/usr/share/java/eclipse-ecj.jar --disable-libjava-multilib --with-cpu=generic --build=i386-redhat-linux
Thread model: posix
gcc version 4.3.2 20081105 (Red Hat 4.3.2-7) (GCC) 
configure:4943: $? = 0
configure:4950: gcc -V >&5
gcc: '-V' option must have argument
configure:4954: $? = 1
configure:4957: checking whether we are using the GNU C compiler
configure:5010: result: yes
configure:5019: checking whether gcc accepts -g
configure:5157: result: yes
configure:5174: checking for gcc option to accept ISO C89
configure:5278: result: none needed
configure:5298: checking dependency style of gcc
configure:5408: result: gcc3
configure:5423: checking for gcc option to accept ISO C89
configure:5527: result: none needed
configure:5623: checking build system type
configure:5641: result: i686-pc-linux-gnu
configure:5663: checking host system type
configure:5678: result: i686-pc-linux-gnu
configure:5700: checking for a sed that does not truncate output
configure:5756: result: /bin/sed
configure:5770: checking for ld used by gcc
configure:5837: result: /usr/bin/ld
configure:5846: checking if the linker (/usr/bin/ld) is GNU ld
configure:5861: result: yes
configure:5866: checking for /usr/bin/ld option to reload object files
configure:5873: result: -r
configure:5891: checking for BSD-compatible nm
configure:5940: result: /usr/bin/nm -B
configure:5944: checking how to recognize dependent libraries
configure:6130: result: pass_all
configure:6666: checking for sys/types.h
configure:6687: gcc -c -g -O2  conftest.c >&5
configure:6694: $? = 0
configure:6711: result: yes
configure:6666: checking for sys/stat.h
configure:6687: gcc -c -g -O2  conftest.c >&5
configure:6694: $? = 0
configure:6711: result: yes
configure:6666: checking for stdlib.h
configure:6687: gcc -c -g -O2  conftest.c >&5
configure:6694: $? = 0
configure:6711: result: yes
configure:6666: checking for string.h
configure:6687: gcc -c -g -O2  conftest.c >&5
configure:6694: $? = 0
configure:6711: result: yes
configure:6666: checking for memory.h
configure:6687: gcc -c -g -O2  conftest.c >&5
configure:6694: $? = 0
configure:6711: result: yes
configure:6666: checking for strings.h
configure:6687: gcc -c -g -O2  conftest.c >&5
configure:6694: $? = 0
configure:6711: result: yes
configure:6666: checking for inttypes.h
configure:6687: gcc -c -g -O2  conftest.c >&5
configure:6694: $? = 0
configure:6711: result: yes
configure:6666: checking for stdint.h
configure:6687: gcc -c -g -O2  conftest.c >&5
configure:6694: $? = 0
configure:6711: result: yes
configure:6666: checking for unistd.h
configure:6687: gcc -c -g -O2  conftest.c >&5
configure:6694: $? = 0
configure:6711: result: yes
configure:6741: checking dlfcn.h usability
configure:6758: gcc -c -g -O2  conftest.c >&5
configure:6765: $? = 0
configure:6779: result: yes
configure:6783: checking dlfcn.h presence
configure:6798: gcc -E  conftest.c
configure:6805: $? = 0
configure:6819: result: yes
configure:6847: checking for dlfcn.h
configure:6856: result: yes
configure:6929: checking for g++
configure:6959: result: no
configure:6929: checking for c++
configure:6959: result: no
configure:6929: checking for gpp
configure:6959: result: no
configure:6929: checking for aCC
configure:6959: result: no
configure:6929: checking for CC
configure:6959: result: no
configure:6929: checking for cxx
configure:6959: result: no
configure:6929: checking for cc++
configure:6959: result: no
configure:6929: checking for cl.exe
configure:6959: result: no
configure:6929: checking for FCC
configure:6959: result: no
configure:6929: checking for KCC
configure:6959: result: no
configure:6929: checking for RCC
configure:6959: result: no
configure:6929: checking for xlC_r
configure:6959: result: no
configure:6929: checking for xlC
configure:6959: result: no
configure:6983: checking for C++ compiler version
configure:6991: g++ --version >&5
./configure: line 6993: g++: command not found
configure:6995: $? = 127
configure:7002: g++ -v >&5
./configure: line 7004: g++: command not found
configure:7006: $? = 127
configure:7013: g++ -V >&5
./configure: line 7015: g++: command not found
configure:7017: $? = 127
configure:7020: checking whether we are using the GNU C++ compiler
configure:7049: g++ -c   conftest.cpp >&5
./configure: line 7051: g++: command not found
configure:7056: $? = 127
configure: failed program was:
| /* confdefs.h.  */
| #define PACKAGE_NAME "e_libs"
| #define PACKAGE_TARNAME "e_libs"
| #define PACKAGE_VERSION "1.1.0"
| #define PACKAGE_STRING "e_libs 1.1.0"
| #define PACKAGE_BUGREPORT ""
| #define PACKAGE "e_libs"
| #define VERSION "1.1.0"
| #define STDC_HEADERS 1
| #define E_LIBS_LOG_ENABLE 1
| #define E_LIBS_NET_ENABLE 1
| #define E_LIBS_TIMER_ENABLE 1
| #define E_LIBS_STARTUP_ENABLE 1
| #define E_LIBS_CONF_ENABLE 1
| #define E_LIBS_ASSERT_ENABLE 1
| #define HAVE_SYS_TYPES_H 1
| #define HAVE_SYS_STAT_H 1
| #define HAVE_STDLIB_H 1
| #define HAVE_STRING_H 1
| #define HAVE_MEMORY_H 1
| #define HAVE_STRINGS_H 1
| #define HAVE_INTTYPES_H 1
| #define HAVE_STDINT_H 1
| #define HAVE_UNISTD_H 1
| #define HAVE_DLFCN_H 1
| /* end confdefs.h.  */
| 
| int
| main ()
| {
| #ifndef __GNUC__
|        choke me
| #endif
| 
|   ;
|   return 0;
| }
configure:7073: result: no
configure:7082: checking whether g++ accepts -g
configure:7112: g++ -c -g  conftest.cpp >&5
./configure: line 7114: g++: command not found
configure:7119: $? = 127
configure: failed program was:
| /* confdefs.h.  */
| #define PACKAGE_NAME "e_libs"
| #define PACKAGE_TARNAME "e_libs"
| #define PACKAGE_VERSION "1.1.0"
| #define PACKAGE_STRING "e_libs 1.1.0"
| #define PACKAGE_BUGREPORT ""
| #define PACKAGE "e_libs"
| #define VERSION "1.1.0"
| #define STDC_HEADERS 1
| #define E_LIBS_LOG_ENABLE 1
| #define E_LIBS_NET_ENABLE 1
| #define E_LIBS_TIMER_ENABLE 1
| #define E_LIBS_STARTUP_ENABLE 1
| #define E_LIBS_CONF_ENABLE 1
| #define E_LIBS_ASSERT_ENABLE 1
| #define HAVE_SYS_TYPES_H 1
| #define HAVE_SYS_STAT_H 1
| #define HAVE_STDLIB_H 1
| #define HAVE_STRING_H 1
| #define HAVE_MEMORY_H 1
| #define HAVE_STRINGS_H 1
| #define HAVE_INTTYPES_H 1
| #define HAVE_STDINT_H 1
| #define HAVE_UNISTD_H 1
| #define HAVE_DLFCN_H 1
| /* end confdefs.h.  */
| 
| int
| main ()
| {
| 
|   ;
|   return 0;
| }
configure:7151: g++ -c   conftest.cpp >&5
./configure: line 7153: g++: command not found
configure:7158: $? = 127
configure: failed program was:
| /* confdefs.h.  */
| #define PACKAGE_NAME "e_libs"
| #define PACKAGE_TARNAME "e_libs"
| #define PACKAGE_VERSION "1.1.0"
| #define PACKAGE_STRING "e_libs 1.1.0"
| #define PACKAGE_BUGREPORT ""
| #define PACKAGE "e_libs"
| #define VERSION "1.1.0"
| #define STDC_HEADERS 1
| #define E_LIBS_LOG_ENABLE 1
| #define E_LIBS_NET_ENABLE 1
| #define E_LIBS_TIMER_ENABLE 1
| #define E_LIBS_STARTUP_ENABLE 1
| #define E_LIBS_CONF_ENABLE 1
| #define E_LIBS_ASSERT_ENABLE 1
| #define HAVE_SYS_TYPES_H 1
| #define HAVE_SYS_STAT_H 1
| #define HAVE_STDLIB_H 1
| #define HAVE_STRING_H 1
| #define HAVE_MEMORY_H 1
| #define HAVE_STRINGS_H 1
| #define HAVE_INTTYPES_H 1
| #define HAVE_STDINT_H 1
| #define HAVE_UNISTD_H 1
| #define HAVE_DLFCN_H 1
| /* end confdefs.h.  */
| 
| int
| main ()
| {
| 
|   ;
|   return 0;
| }
configure:7191: g++ -c -g  conftest.cpp >&5
./configure: line 7193: g++: command not found
configure:7198: $? = 127
configure: failed program was:
| /* confdefs.h.  */
| #define PACKAGE_NAME "e_libs"
| #define PACKAGE_TARNAME "e_libs"
| #define PACKAGE_VERSION "1.1.0"
| #define PACKAGE_STRING "e_libs 1.1.0"
| #define PACKAGE_BUGREPORT ""
| #define PACKAGE "e_libs"
| #define VERSION "1.1.0"
| #define STDC_HEADERS 1
| #define E_LIBS_LOG_ENABLE 1
| #define E_LIBS_NET_ENABLE 1
| #define E_LIBS_TIMER_ENABLE 1
| #define E_LIBS_STARTUP_ENABLE 1
| #define E_LIBS_CONF_ENABLE 1
| #define E_LIBS_ASSERT_ENABLE 1
| #define HAVE_SYS_TYPES_H 1
| #define HAVE_SYS_STAT_H 1
| #define HAVE_STDLIB_H 1
| #define HAVE_STRING_H 1
| #define HAVE_MEMORY_H 1
| #define HAVE_STRINGS_H 1
| #define HAVE_INTTYPES_H 1
| #define HAVE_STDINT_H 1
| #define HAVE_UNISTD_H 1
| #define HAVE_DLFCN_H 1
| /* end confdefs.h.  */
| 
| int
| main ()
| {
| 
|   ;
|   return 0;
| }
configure:7220: result: no
configure:7245: checking dependency style of g++
configure:7355: result: none
configure:7663: checking for g77
configure:7693: result: no
configure:7663: checking for xlf
configure:7693: result: no
configure:7663: checking for f77
configure:7693: result: no
configure:7663: checking for frt
configure:7693: result: no
configure:7663: checking for pgf77
configure:7693: result: no
configure:7663: checking for cf77
configure:7693: result: no
configure:7663: checking for fort77
configure:7693: result: no
configure:7663: checking for fl32
configure:7693: result: no
configure:7663: checking for af77
configure:7693: result: no
configure:7663: checking for xlf90
configure:7693: result: no
configure:7663: checking for f90
configure:7693: result: no
configure:7663: checking for pgf90
configure:7693: result: no
configure:7663: checking for pghpf
configure:7693: result: no
configure:7663: checking for epcf90
configure:7693: result: no
configure:7663: checking for gfortran
configure:7693: result: no
configure:7663: checking for g95
configure:7693: result: no
configure:7663: checking for xlf95
configure:7693: result: no
configure:7663: checking for f95
configure:7693: result: no
configure:7663: checking for fort
configure:7693: result: no
configure:7663: checking for ifort
configure:7693: result: no
configure:7663: checking for ifc
configure:7693: result: no
configure:7663: checking for efc
configure:7693: result: no
configure:7663: checking for pgf95
configure:7693: result: no
configure:7663: checking for lf95
configure:7693: result: no
configure:7663: checking for ftn
configure:7693: result: no
configure:7716: checking for Fortran 77 compiler version
configure:7724:  --version >&5
./configure: line 7726: --version: command not found
configure:7728: $? = 127
configure:7735:  -v >&5
./configure: line 7737: -v: command not found
configure:7739: $? = 127
configure:7746:  -V >&5
./configure: line 7748: -V: command not found
configure:7750: $? = 127
configure:7758: checking whether we are using the GNU Fortran 77 compiler
configure:7777:  -c  conftest.F >&5
./configure: line 7779: -c: command not found
configure:7784: $? = 127
configure: failed program was:
|       program main
| #ifndef __GNUC__
|        choke me
| #endif
| 
|       end
configure:7801: result: no
configure:7807: checking whether  accepts -g
configure:7824:  -c -g conftest.f >&5
./configure: line 7826: -c: command not found
configure:7831: $? = 127
configure: failed program was:
|       program main
| 
|       end
configure:7847: result: no
configure:7880: checking the maximum length of command line arguments
configure:7992: result: 1966080
configure:8004: checking command to parse /usr/bin/nm -B output from gcc object
configure:8109: gcc -c -g -O2  conftest.c >&5
configure:8112: $? = 0
configure:8116: /usr/bin/nm -B conftest.o \| sed -n -e 's/^.*[ 	]\([ABCDGIRSTW][ABCDGIRSTW]*\)[ 	][ 	]*\([_A-Za-z][_A-Za-z0-9]*\)$/\1 \2 \2/p' \> conftest.nm
configure:8119: $? = 0
configure:8171: gcc -o conftest -g -O2   conftest.c conftstm.o >&5
configure:8174: $? = 0
configure:8212: result: ok
configure:8216: checking for objdir
configure:8231: result: .libs
configure:8323: checking for ar
configure:8339: found /usr/bin/ar
configure:8350: result: ar
configure:8415: checking for ranlib
configure:8431: found /usr/bin/ranlib
configure:8442: result: ranlib
configure:8507: checking for strip
configure:8523: found /usr/bin/strip
configure:8534: result: strip
configure:9124: checking if gcc supports -fno-rtti -fno-exceptions
configure:9142: gcc -c -g -O2  -fno-rtti -fno-exceptions conftest.c >&5
cc1: warning: command line option "-fno-rtti" is valid for C++/ObjC++ but not for C
configure:9146: $? = 0
configure:9159: result: no
configure:9174: checking for gcc option to produce PIC
configure:9406: result: -fPIC
configure:9414: checking if gcc PIC flag -fPIC works
configure:9432: gcc -c -g -O2  -fPIC -DPIC conftest.c >&5
configure:9436: $? = 0
configure:9449: result: yes
configure:9477: checking if gcc static flag -static works
configure:9505: result: yes
configure:9515: checking if gcc supports -c -o file.o
configure:9536: gcc -c -g -O2  -o out/conftest2.o conftest.c >&5
configure:9540: $? = 0
configure:9562: result: yes
configure:9588: checking whether the gcc linker (/usr/bin/ld) supports shared libraries
configure:10576: result: yes
configure:10597: checking whether -lc should be explicitly linked in
configure:10602: gcc -c -g -O2  conftest.c >&5
configure:10605: $? = 0
configure:10620: gcc -shared conftest.o  -v -Wl,-soname -Wl,conftest -o conftest 2\>\&1 \| grep  -lc  \>/dev/null 2\>\&1
configure:10623: $? = 0
configure:10635: result: no
configure:10643: checking dynamic linker characteristics
configure:11247: result: GNU/Linux ld.so
configure:11271: checking how to hardcode library paths into programs
configure:11296: result: immediate
configure:11310: checking whether stripping libraries is possible
configure:11315: result: yes
configure:11443: checking for shl_load
configure:11499: gcc -o conftest -g -O2   conftest.c  >&5
/tmp/ccANRNvu.o: In function `main':
/root/svn/e_libs/tags/e_libs_1_1_0/conftest.c:61: undefined reference to `shl_load'
collect2: ld returned 1 exit status
configure:11506: $? = 1
configure: failed program was:
| /* confdefs.h.  */
| #define PACKAGE_NAME "e_libs"
| #define PACKAGE_TARNAME "e_libs"
| #define PACKAGE_VERSION "1.1.0"
| #define PACKAGE_STRING "e_libs 1.1.0"
| #define PACKAGE_BUGREPORT ""
| #define PACKAGE "e_libs"
| #define VERSION "1.1.0"
| #define STDC_HEADERS 1
| #define E_LIBS_LOG_ENABLE 1
| #define E_LIBS_NET_ENABLE 1
| #define E_LIBS_TIMER_ENABLE 1
| #define E_LIBS_STARTUP_ENABLE 1
| #define E_LIBS_CONF_ENABLE 1
| #define E_LIBS_ASSERT_ENABLE 1
| #define HAVE_SYS_TYPES_H 1
| #define HAVE_SYS_STAT_H 1
| #define HAVE_STDLIB_H 1
| #define HAVE_STRING_H 1
| #define HAVE_MEMORY_H 1
| #define HAVE_STRINGS_H 1
| #define HAVE_INTTYPES_H 1
| #define HAVE_STDINT_H 1
| #define HAVE_UNISTD_H 1
| #define HAVE_DLFCN_H 1
| /* end confdefs.h.  */
| /* Define shl_load to an innocuous variant, in case <limits.h> declares shl_load.
|    For example, HP-UX 11i <limits.h> declares gettimeofday.  */
| #define shl_load innocuous_shl_load
| 
| /* System header to define __stub macros and hopefully few prototypes,
|     which can conflict with char shl_load (); below.
|     Prefer <limits.h> to <assert.h> if __STDC__ is defined, since
|     <limits.h> exists even on freestanding compilers.  */
| 
| #ifdef __STDC__
| # include <limits.h>
| #else
| # include <assert.h>
| #endif
| 
| #undef shl_load
| 
| /* Override any GCC internal prototype to avoid an error.
|    Use char because int might match the return type of a GCC
|    builtin and then its argument prototype would still apply.  */
| #ifdef __cplusplus
| extern "C"
| #endif
| char shl_load ();
| /* The GNU C library defines this for functions which it implements
|     to always fail with ENOSYS.  Some functions are actually named
|     something starting with __ and the normal name is an alias.  */
| #if defined __stub_shl_load || defined __stub___shl_load
| choke me
| #endif
| 
| int
| main ()
| {
| return shl_load ();
|   ;
|   return 0;
| }
configure:11526: result: no
configure:11531: checking for shl_load in -ldld
configure:11566: gcc -o conftest -g -O2   conftest.c -ldld   >&5
/usr/bin/ld: cannot find -ldld
collect2: ld returned 1 exit status
configure:11573: $? = 1
configure: failed program was:
| /* confdefs.h.  */
| #define PACKAGE_NAME "e_libs"
| #define PACKAGE_TARNAME "e_libs"
| #define PACKAGE_VERSION "1.1.0"
| #define PACKAGE_STRING "e_libs 1.1.0"
| #define PACKAGE_BUGREPORT ""
| #define PACKAGE "e_libs"
| #define VERSION "1.1.0"
| #define STDC_HEADERS 1
| #define E_LIBS_LOG_ENABLE 1
| #define E_LIBS_NET_ENABLE 1
| #define E_LIBS_TIMER_ENABLE 1
| #define E_LIBS_STARTUP_ENABLE 1
| #define E_LIBS_CONF_ENABLE 1
| #define E_LIBS_ASSERT_ENABLE 1
| #define HAVE_SYS_TYPES_H 1
| #define HAVE_SYS_STAT_H 1
| #define HAVE_STDLIB_H 1
| #define HAVE_STRING_H 1
| #define HAVE_MEMORY_H 1
| #define HAVE_STRINGS_H 1
| #define HAVE_INTTYPES_H 1
| #define HAVE_STDINT_H 1
| #define HAVE_UNISTD_H 1
| #define HAVE_DLFCN_H 1
| /* end confdefs.h.  */
| 
| /* Override any GCC internal prototype to avoid an error.
|    Use char because int might match the return type of a GCC
|    builtin and then its argument prototype would still apply.  */
| #ifdef __cplusplus
| extern "C"
| #endif
| char shl_load ();
| int
| main ()
| {
| return shl_load ();
|   ;
|   return 0;
| }
configure:11594: result: no
configure:11599: checking for dlopen
configure:11655: gcc -o conftest -g -O2   conftest.c  >&5
/tmp/ccyO8EQi.o: In function `main':
/root/svn/e_libs/tags/e_libs_1_1_0/conftest.c:61: undefined reference to `dlopen'
collect2: ld returned 1 exit status
configure:11662: $? = 1
configure: failed program was:
| /* confdefs.h.  */
| #define PACKAGE_NAME "e_libs"
| #define PACKAGE_TARNAME "e_libs"
| #define PACKAGE_VERSION "1.1.0"
| #define PACKAGE_STRING "e_libs 1.1.0"
| #define PACKAGE_BUGREPORT ""
| #define PACKAGE "e_libs"
| #define VERSION "1.1.0"
| #define STDC_HEADERS 1
| #define E_LIBS_LOG_ENABLE 1
| #define E_LIBS_NET_ENABLE 1
| #define E_LIBS_TIMER_ENABLE 1
| #define E_LIBS_STARTUP_ENABLE 1
| #define E_LIBS_CONF_ENABLE 1
| #define E_LIBS_ASSERT_ENABLE 1
| #define HAVE_SYS_TYPES_H 1
| #define HAVE_SYS_STAT_H 1
| #define HAVE_STDLIB_H 1
| #define HAVE_STRING_H 1
| #define HAVE_MEMORY_H 1
| #define HAVE_STRINGS_H 1
| #define HAVE_INTTYPES_H 1
| #define HAVE_STDINT_H 1
| #define HAVE_UNISTD_H 1
| #define HAVE_DLFCN_H 1
| /* end confdefs.h.  */
| /* Define dlopen to an innocuous variant, in case <limits.h> declares dlopen.
|    For example, HP-UX 11i <limits.h> declares gettimeofday.  */
| #define dlopen innocuous_dlopen
| 
| /* System header to define __stub macros and hopefully few prototypes,
|     which can conflict with char dlopen (); below.
|     Prefer <limits.h> to <assert.h> if __STDC__ is defined, since
|     <limits.h> exists even on freestanding compilers.  */
| 
| #ifdef __STDC__
| # include <limits.h>
| #else
| # include <assert.h>
| #endif
| 
| #undef dlopen
| 
| /* Override any GCC internal prototype to avoid an error.
|    Use char because int might match the return type of a GCC
|    builtin and then its argument prototype would still apply.  */
| #ifdef __cplusplus
| extern "C"
| #endif
| char dlopen ();
| /* The GNU C library defines this for functions which it implements
|     to always fail with ENOSYS.  Some functions are actually named
|     something starting with __ and the normal name is an alias.  */
| #if defined __stub_dlopen || defined __stub___dlopen
| choke me
| #endif
| 
| int
| main ()
| {
| return dlopen ();
|   ;
|   return 0;
| }
configure:11682: result: no
configure:11687: checking for dlopen in -ldl
configure:11722: gcc -o conftest -g -O2   conftest.c -ldl   >&5
configure:11729: $? = 0
configure:11750: result: yes
configure:11927: checking whether a program can dlopen itself
configure:12001: gcc -o conftest -g -O2  -DHAVE_DLFCN_H  -Wl,--export-dynamic conftest.c -ldl  >&5
configure: In function 'main':
configure:11997: warning: incompatible implicit declaration of built-in function 'exit'
configure:12004: $? = 0
configure:12022: result: yes
configure:12027: checking whether a statically linked program can dlopen itself
configure:12101: gcc -o conftest -g -O2  -DHAVE_DLFCN_H  -Wl,--export-dynamic -static conftest.c -ldl  >&5
configure: In function 'main':
configure:12097: warning: incompatible implicit declaration of built-in function 'exit'
/tmp/cclA5XSk.o: In function `main':
/root/svn/e_libs/tags/e_libs_1_1_0/configure:12085: warning: Using 'dlopen' in statically linked applications requires at runtime the shared libraries from the glibc version used for linking
configure:12104: $? = 0
/lib/: cannot read file data: Is a directory
configure:12122: result: no
configure:12145: checking if libtool supports shared libraries
configure:12147: result: yes
configure:12150: checking whether to build shared libraries
configure:12171: result: yes
configure:12174: checking whether to build static libraries
configure:12178: result: yes
configure:12272: creating libtool
configure:21544: checking for wine
configure:21574: result: no
configure:21587: checking for winepath
configure:21617: result: no
configure:21636: checking for variable-length arrays
configure:21662: gcc -c -std=c89 -D__STRICT_ANSI__ -Wmissing-declarations -Wmissing-prototypes -Werror  conftest.c >&5
configure:21669: $? = 0
configure:21684: result: yes
configure:21694: checking for inline
configure:21720: gcc -c -std=c89 -D__STRICT_ANSI__ -Wmissing-declarations -Wmissing-prototypes -Werror  conftest.c >&5
conftest.c:30: error: expected '=', ',', ';', 'asm' or '__attribute__' before 'foo_t'
conftest.c:31: error: expected '=', ',', ';', 'asm' or '__attribute__' before 'foo_t'
configure:21727: $? = 1
configure: failed program was:
| /* confdefs.h.  */
| #define PACKAGE_NAME "e_libs"
| #define PACKAGE_TARNAME "e_libs"
| #define PACKAGE_VERSION "1.1.0"
| #define PACKAGE_STRING "e_libs 1.1.0"
| #define PACKAGE_BUGREPORT ""
| #define PACKAGE "e_libs"
| #define VERSION "1.1.0"
| #define STDC_HEADERS 1
| #define E_LIBS_LOG_ENABLE 1
| #define E_LIBS_NET_ENABLE 1
| #define E_LIBS_TIMER_ENABLE 1
| #define E_LIBS_STARTUP_ENABLE 1
| #define E_LIBS_CONF_ENABLE 1
| #define E_LIBS_ASSERT_ENABLE 1
| #define HAVE_SYS_TYPES_H 1
| #define HAVE_SYS_STAT_H 1
| #define HAVE_STDLIB_H 1
| #define HAVE_STRING_H 1
| #define HAVE_MEMORY_H 1
| #define HAVE_STRINGS_H 1
| #define HAVE_INTTYPES_H 1
| #define HAVE_STDINT_H 1
| #define HAVE_UNISTD_H 1
| #define HAVE_DLFCN_H 1
| #define HAVE_C_VARARRAYS 1
| /* end confdefs.h.  */
| #ifndef __cplusplus
| typedef int foo_t;
| static inline foo_t static_foo () {return 0; }
| inline foo_t foo () {return 0; }
| #endif
| 
configure:21720: gcc -c -std=c89 -D__STRICT_ANSI__ -Wmissing-declarations -Wmissing-prototypes -Werror  conftest.c >&5
cc1: warnings being treated as errors
conftest.c:31: error: no previous prototype for 'foo'
configure:21727: $? = 1
configure: failed program was:
| /* confdefs.h.  */
| #define PACKAGE_NAME "e_libs"
| #define PACKAGE_TARNAME "e_libs"
| #define PACKAGE_VERSION "1.1.0"
| #define PACKAGE_STRING "e_libs 1.1.0"
| #define PACKAGE_BUGREPORT ""
| #define PACKAGE "e_libs"
| #define VERSION "1.1.0"
| #define STDC_HEADERS 1
| #define E_LIBS_LOG_ENABLE 1
| #define E_LIBS_NET_ENABLE 1
| #define E_LIBS_TIMER_ENABLE 1
| #define E_LIBS_STARTUP_ENABLE 1
| #define E_LIBS_CONF_ENABLE 1
| #define E_LIBS_ASSERT_ENABLE 1
| #define HAVE_SYS_TYPES_H 1
| #define HAVE_SYS_STAT_H 1
| #define HAVE_STDLIB_H 1
| #define HAVE_STRING_H 1
| #define HAVE_MEMORY_H 1
| #define HAVE_STRINGS_H 1
| #define HAVE_INTTYPES_H 1
| #define HAVE_STDINT_H 1
| #define HAVE_UNISTD_H 1
| #define HAVE_DLFCN_H 1
| #define HAVE_C_VARARRAYS 1
| /* end confdefs.h.  */
| #ifndef __cplusplus
| typedef int foo_t;
| static __inline__ foo_t static_foo () {return 0; }
| __inline__ foo_t foo () {return 0; }
| #endif
| 
configure:21720: gcc -c -std=c89 -D__STRICT_ANSI__ -Wmissing-declarations -Wmissing-prototypes -Werror  conftest.c >&5
cc1: warnings being treated as errors
conftest.c:31: error: no previous prototype for 'foo'
configure:21727: $? = 1
configure: failed program was:
| /* confdefs.h.  */
| #define PACKAGE_NAME "e_libs"
| #define PACKAGE_TARNAME "e_libs"
| #define PACKAGE_VERSION "1.1.0"
| #define PACKAGE_STRING "e_libs 1.1.0"
| #define PACKAGE_BUGREPORT ""
| #define PACKAGE "e_libs"
| #define VERSION "1.1.0"
| #define STDC_HEADERS 1
| #define E_LIBS_LOG_ENABLE 1
| #define E_LIBS_NET_ENABLE 1
| #define E_LIBS_TIMER_ENABLE 1
| #define E_LIBS_STARTUP_ENABLE 1
| #define E_LIBS_CONF_ENABLE 1
| #define E_LIBS_ASSERT_ENABLE 1
| #define HAVE_SYS_TYPES_H 1
| #define HAVE_SYS_STAT_H 1
| #define HAVE_STDLIB_H 1
| #define HAVE_STRING_H 1
| #define HAVE_MEMORY_H 1
| #define HAVE_STRINGS_H 1
| #define HAVE_INTTYPES_H 1
| #define HAVE_STDINT_H 1
| #define HAVE_UNISTD_H 1
| #define HAVE_DLFCN_H 1
| #define HAVE_C_VARARRAYS 1
| /* end confdefs.h.  */
| #ifndef __cplusplus
| typedef int foo_t;
| static __inline foo_t static_foo () {return 0; }
| __inline foo_t foo () {return 0; }
| #endif
| 
configure:21745: result: no
configure:21766: checking whether byte ordering is bigendian
configure:21791: gcc -c -std=c89 -D__STRICT_ANSI__ -Wmissing-declarations -Wmissing-prototypes -Werror  conftest.c >&5
conftest.c:32: error: expected '=', ',', ';', 'asm' or '__attribute__' before 'a'
configure:21798: $? = 1
configure: failed program was:
| /* confdefs.h.  */
| #define PACKAGE_NAME "e_libs"
| #define PACKAGE_TARNAME "e_libs"
| #define PACKAGE_VERSION "1.1.0"
| #define PACKAGE_STRING "e_libs 1.1.0"
| #define PACKAGE_BUGREPORT ""
| #define PACKAGE "e_libs"
| #define VERSION "1.1.0"
| #define STDC_HEADERS 1
| #define E_LIBS_LOG_ENABLE 1
| #define E_LIBS_NET_ENABLE 1
| #define E_LIBS_TIMER_ENABLE 1
| #define E_LIBS_STARTUP_ENABLE 1
| #define E_LIBS_CONF_ENABLE 1
| #define E_LIBS_ASSERT_ENABLE 1
| #define HAVE_SYS_TYPES_H 1
| #define HAVE_SYS_STAT_H 1
| #define HAVE_STDLIB_H 1
| #define HAVE_STRING_H 1
| #define HAVE_MEMORY_H 1
| #define HAVE_STRINGS_H 1
| #define HAVE_INTTYPES_H 1
| #define HAVE_STDINT_H 1
| #define HAVE_UNISTD_H 1
| #define HAVE_DLFCN_H 1
| #define HAVE_C_VARARRAYS 1
| #ifndef __cplusplus
| #define inline 
| #endif
| /* end confdefs.h.  */
| #ifndef __APPLE_CC__
| 	       not a universal capable compiler
| 	     #endif
| 	     typedef int dummy;
| 
configure:21848: gcc -c -std=c89 -D__STRICT_ANSI__ -Wmissing-declarations -Wmissing-prototypes -Werror  conftest.c >&5
conftest.c: In function 'main':
conftest.c:38: error: 'bogus' undeclared (first use in this function)
conftest.c:38: error: (Each undeclared identifier is reported only once
conftest.c:38: error: for each function it appears in.)
conftest.c:38: error: expected ';' before 'endian'
configure:21855: $? = 1
configure: failed program was:
| /* confdefs.h.  */
| #define PACKAGE_NAME "e_libs"
| #define PACKAGE_TARNAME "e_libs"
| #define PACKAGE_VERSION "1.1.0"
| #define PACKAGE_STRING "e_libs 1.1.0"
| #define PACKAGE_BUGREPORT ""
| #define PACKAGE "e_libs"
| #define VERSION "1.1.0"
| #define STDC_HEADERS 1
| #define E_LIBS_LOG_ENABLE 1
| #define E_LIBS_NET_ENABLE 1
| #define E_LIBS_TIMER_ENABLE 1
| #define E_LIBS_STARTUP_ENABLE 1
| #define E_LIBS_CONF_ENABLE 1
| #define E_LIBS_ASSERT_ENABLE 1
| #define HAVE_SYS_TYPES_H 1
| #define HAVE_SYS_STAT_H 1
| #define HAVE_STDLIB_H 1
| #define HAVE_STRING_H 1
| #define HAVE_MEMORY_H 1
| #define HAVE_STRINGS_H 1
| #define HAVE_INTTYPES_H 1
| #define HAVE_STDINT_H 1
| #define HAVE_UNISTD_H 1
| #define HAVE_DLFCN_H 1
| #define HAVE_C_VARARRAYS 1
| #ifndef __cplusplus
| #define inline 
| #endif
| /* end confdefs.h.  */
| #include <sys/types.h>
| 	     #include <sys/param.h>
| 
| int
| main ()
| {
| #if ! (defined BYTE_ORDER && defined BIG_ENDIAN 		     && defined LITTLE_ENDIAN && BYTE_ORDER && BIG_ENDIAN 		     && LITTLE_ENDIAN)
| 	      bogus endian macros
| 	     #endif
| 
|   ;
|   return 0;
| }
configure:21944: gcc -c -std=c89 -D__STRICT_ANSI__ -Wmissing-declarations -Wmissing-prototypes -Werror  conftest.c >&5
conftest.c: In function 'main':
conftest.c:37: error: 'bogus' undeclared (first use in this function)
conftest.c:37: error: (Each undeclared identifier is reported only once
conftest.c:37: error: for each function it appears in.)
conftest.c:37: error: expected ';' before 'endian'
configure:21951: $? = 1
configure: failed program was:
| /* confdefs.h.  */
| #define PACKAGE_NAME "e_libs"
| #define PACKAGE_TARNAME "e_libs"
| #define PACKAGE_VERSION "1.1.0"
| #define PACKAGE_STRING "e_libs 1.1.0"
| #define PACKAGE_BUGREPORT ""
| #define PACKAGE "e_libs"
| #define VERSION "1.1.0"
| #define STDC_HEADERS 1
| #define E_LIBS_LOG_ENABLE 1
| #define E_LIBS_NET_ENABLE 1
| #define E_LIBS_TIMER_ENABLE 1
| #define E_LIBS_STARTUP_ENABLE 1
| #define E_LIBS_CONF_ENABLE 1
| #define E_LIBS_ASSERT_ENABLE 1
| #define HAVE_SYS_TYPES_H 1
| #define HAVE_SYS_STAT_H 1
| #define HAVE_STDLIB_H 1
| #define HAVE_STRING_H 1
| #define HAVE_MEMORY_H 1
| #define HAVE_STRINGS_H 1
| #define HAVE_INTTYPES_H 1
| #define HAVE_STDINT_H 1
| #define HAVE_UNISTD_H 1
| #define HAVE_DLFCN_H 1
| #define HAVE_C_VARARRAYS 1
| #ifndef __cplusplus
| #define inline 
| #endif
| /* end confdefs.h.  */
| #include <limits.h>
| 
| int
| main ()
| {
| #if ! (defined _LITTLE_ENDIAN || defined _BIG_ENDIAN)
| 	      bogus endian macros
| 	     #endif
| 
|   ;
|   return 0;
| }
configure:22114: gcc -o conftest -std=c89 -D__STRICT_ANSI__ -Wmissing-declarations -Wmissing-prototypes -Werror   conftest.c  >&5
configure:22118: $? = 0
configure:22124: ./conftest
configure:22128: $? = 0
configure:22146: result: no
configure:22176: checking size of char
configure:22481: gcc -o conftest -std=c89 -D__STRICT_ANSI__ -Wmissing-declarations -Wmissing-prototypes -Werror   conftest.c  >&5
configure:22485: $? = 0
configure:22491: ./conftest
configure:22495: $? = 0
configure:22521: result: 1
configure:22535: checking size of short
configure:22840: gcc -o conftest -std=c89 -D__STRICT_ANSI__ -Wmissing-declarations -Wmissing-prototypes -Werror   conftest.c  >&5
configure:22844: $? = 0
configure:22850: ./conftest
configure:22854: $? = 0
configure:22880: result: 2
configure:22894: checking size of int
configure:23199: gcc -o conftest -std=c89 -D__STRICT_ANSI__ -Wmissing-declarations -Wmissing-prototypes -Werror   conftest.c  >&5
configure:23203: $? = 0
configure:23209: ./conftest
configure:23213: $? = 0
configure:23239: result: 4
configure:23253: checking size of long
configure:23558: gcc -o conftest -std=c89 -D__STRICT_ANSI__ -Wmissing-declarations -Wmissing-prototypes -Werror   conftest.c  >&5
configure:23562: $? = 0
configure:23568: ./conftest
configure:23572: $? = 0
configure:23598: result: 4
configure:23612: checking size of float
configure:23917: gcc -o conftest -std=c89 -D__STRICT_ANSI__ -Wmissing-declarations -Wmissing-prototypes -Werror   conftest.c  >&5
configure:23921: $? = 0
configure:23927: ./conftest
configure:23931: $? = 0
configure:23957: result: 4
configure:23971: checking size of double
configure:24276: gcc -o conftest -std=c89 -D__STRICT_ANSI__ -Wmissing-declarations -Wmissing-prototypes -Werror   conftest.c  >&5
configure:24280: $? = 0
configure:24286: ./conftest
configure:24290: $? = 0
configure:24316: result: 8
configure:24365: gcc -c -std=c89 -D__STRICT_ANSI__ -Wmissing-declarations -Wmissing-prototypes -Werror  conftest.c >&5
configure:24372: $? = 0
configure:24400: checking for gettimeofday
configure:24456: gcc -o conftest -std=c89 -D__STRICT_ANSI__ -Wmissing-declarations -Wmissing-prototypes -Werror   conftest.c  >&5
configure:24463: $? = 0
configure:24485: result: yes
configure:24501: checking for inet_ntoa
configure:24557: gcc -o conftest -std=c89 -D__STRICT_ANSI__ -Wmissing-declarations -Wmissing-prototypes -Werror   conftest.c  >&5
configure:24564: $? = 0
configure:24586: result: yes
configure:24602: checking for strlcpy
configure:24658: gcc -o conftest -std=c89 -D__STRICT_ANSI__ -Wmissing-declarations -Wmissing-prototypes -Werror   conftest.c  >&5
/tmp/ccqLBxVg.o: In function `main':
conftest.c:(.text+0x12): undefined reference to `strlcpy'
collect2: ld returned 1 exit status
configure:24665: $? = 1
configure: failed program was:
| /* confdefs.h.  */
| #define PACKAGE_NAME "e_libs"
| #define PACKAGE_TARNAME "e_libs"
| #define PACKAGE_VERSION "1.1.0"
| #define PACKAGE_STRING "e_libs 1.1.0"
| #define PACKAGE_BUGREPORT ""
| #define PACKAGE "e_libs"
| #define VERSION "1.1.0"
| #define STDC_HEADERS 1
| #define E_LIBS_LOG_ENABLE 1
| #define E_LIBS_NET_ENABLE 1
| #define E_LIBS_TIMER_ENABLE 1
| #define E_LIBS_STARTUP_ENABLE 1
| #define E_LIBS_CONF_ENABLE 1
| #define E_LIBS_ASSERT_ENABLE 1
| #define HAVE_SYS_TYPES_H 1
| #define HAVE_SYS_STAT_H 1
| #define HAVE_STDLIB_H 1
| #define HAVE_STRING_H 1
| #define HAVE_MEMORY_H 1
| #define HAVE_STRINGS_H 1
| #define HAVE_INTTYPES_H 1
| #define HAVE_STDINT_H 1
| #define HAVE_UNISTD_H 1
| #define HAVE_DLFCN_H 1
| #define HAVE_C_VARARRAYS 1
| #ifndef __cplusplus
| #define inline 
| #endif
| #define SIZEOF_CHAR 1
| #define SIZEOF_SHORT 2
| #define SIZEOF_INT 4
| #define SIZEOF_LONG 4
| #define SIZEOF_FLOAT 4
| #define SIZEOF_DOUBLE 8
| #define HAVE_TLS 1
| #define HAVE_GETTIMEOFDAY 1
| #define HAVE_INET_NTOA 1
| /* end confdefs.h.  */
| /* Define strlcpy to an innocuous variant, in case <limits.h> declares strlcpy.
|    For example, HP-UX 11i <limits.h> declares gettimeofday.  */
| #define strlcpy innocuous_strlcpy
| 
| /* System header to define __stub macros and hopefully few prototypes,
|     which can conflict with char strlcpy (); below.
|     Prefer <limits.h> to <assert.h> if __STDC__ is defined, since
|     <limits.h> exists even on freestanding compilers.  */
| 
| #ifdef __STDC__
| # include <limits.h>
| #else
| # include <assert.h>
| #endif
| 
| #undef strlcpy
| 
| /* Override any GCC internal prototype to avoid an error.
|    Use char because int might match the return type of a GCC
|    builtin and then its argument prototype would still apply.  */
| #ifdef __cplusplus
| extern "C"
| #endif
| char strlcpy ();
| /* The GNU C library defines this for functions which it implements
|     to always fail with ENOSYS.  Some functions are actually named
|     something starting with __ and the normal name is an alias.  */
| #if defined __stub_strlcpy || defined __stub___strlcpy
| choke me
| #endif
| 
| int
| main ()
| {
| return strlcpy ();
|   ;
|   return 0;
| }
configure:24687: result: no
configure:24699: checking whether strlcpy is declared
configure:24728: gcc -c -std=c89 -D__STRICT_ANSI__ -Wmissing-declarations -Wmissing-prototypes -Werror  conftest.c >&5
conftest.c: In function 'main':
conftest.c:77: error: 'strlcpy' undeclared (first use in this function)
conftest.c:77: error: (Each undeclared identifier is reported only once
conftest.c:77: error: for each function it appears in.)
configure:24735: $? = 1
configure: failed program was:
| /* confdefs.h.  */
| #define PACKAGE_NAME "e_libs"
| #define PACKAGE_TARNAME "e_libs"
| #define PACKAGE_VERSION "1.1.0"
| #define PACKAGE_STRING "e_libs 1.1.0"
| #define PACKAGE_BUGREPORT ""
| #define PACKAGE "e_libs"
| #define VERSION "1.1.0"
| #define STDC_HEADERS 1
| #define E_LIBS_LOG_ENABLE 1
| #define E_LIBS_NET_ENABLE 1
| #define E_LIBS_TIMER_ENABLE 1
| #define E_LIBS_STARTUP_ENABLE 1
| #define E_LIBS_CONF_ENABLE 1
| #define E_LIBS_ASSERT_ENABLE 1
| #define HAVE_SYS_TYPES_H 1
| #define HAVE_SYS_STAT_H 1
| #define HAVE_STDLIB_H 1
| #define HAVE_STRING_H 1
| #define HAVE_MEMORY_H 1
| #define HAVE_STRINGS_H 1
| #define HAVE_INTTYPES_H 1
| #define HAVE_STDINT_H 1
| #define HAVE_UNISTD_H 1
| #define HAVE_DLFCN_H 1
| #define HAVE_C_VARARRAYS 1
| #ifndef __cplusplus
| #define inline 
| #endif
| #define SIZEOF_CHAR 1
| #define SIZEOF_SHORT 2
| #define SIZEOF_INT 4
| #define SIZEOF_LONG 4
| #define SIZEOF_FLOAT 4
| #define SIZEOF_DOUBLE 8
| #define HAVE_TLS 1
| #define HAVE_GETTIMEOFDAY 1
| #define HAVE_INET_NTOA 1
| /* end confdefs.h.  */
| #include <stdio.h>
| #ifdef HAVE_SYS_TYPES_H
| # include <sys/types.h>
| #endif
| #ifdef HAVE_SYS_STAT_H
| # include <sys/stat.h>
| #endif
| #ifdef STDC_HEADERS
| # include <stdlib.h>
| # include <stddef.h>
| #else
| # ifdef HAVE_STDLIB_H
| #  include <stdlib.h>
| # endif
| #endif
| #ifdef HAVE_STRING_H
| # if !defined STDC_HEADERS && defined HAVE_MEMORY_H
| #  include <memory.h>
| # endif
| # include <string.h>
| #endif
| #ifdef HAVE_STRINGS_H
| # include <strings.h>
| #endif
| #ifdef HAVE_INTTYPES_H
| # include <inttypes.h>
| #endif
| #ifdef HAVE_STDINT_H
| # include <stdint.h>
| #endif
| #ifdef HAVE_UNISTD_H
| # include <unistd.h>
| #endif
| int
| main ()
| {
| #ifndef strlcpy
|   (void) strlcpy;
| #endif
| 
|   ;
|   return 0;
| }
configure:24750: result: no
configure:24772: checking for strlcat
configure:24828: gcc -o conftest -std=c89 -D__STRICT_ANSI__ -Wmissing-declarations -Wmissing-prototypes -Werror   conftest.c  >&5
/tmp/cc6rRD46.o: In function `main':
conftest.c:(.text+0x12): undefined reference to `strlcat'
collect2: ld returned 1 exit status
configure:24835: $? = 1
configure: failed program was:
| /* confdefs.h.  */
| #define PACKAGE_NAME "e_libs"
| #define PACKAGE_TARNAME "e_libs"
| #define PACKAGE_VERSION "1.1.0"
| #define PACKAGE_STRING "e_libs 1.1.0"
| #define PACKAGE_BUGREPORT ""
| #define PACKAGE "e_libs"
| #define VERSION "1.1.0"
| #define STDC_HEADERS 1
| #define E_LIBS_LOG_ENABLE 1
| #define E_LIBS_NET_ENABLE 1
| #define E_LIBS_TIMER_ENABLE 1
| #define E_LIBS_STARTUP_ENABLE 1
| #define E_LIBS_CONF_ENABLE 1
| #define E_LIBS_ASSERT_ENABLE 1
| #define HAVE_SYS_TYPES_H 1
| #define HAVE_SYS_STAT_H 1
| #define HAVE_STDLIB_H 1
| #define HAVE_STRING_H 1
| #define HAVE_MEMORY_H 1
| #define HAVE_STRINGS_H 1
| #define HAVE_INTTYPES_H 1
| #define HAVE_STDINT_H 1
| #define HAVE_UNISTD_H 1
| #define HAVE_DLFCN_H 1
| #define HAVE_C_VARARRAYS 1
| #ifndef __cplusplus
| #define inline 
| #endif
| #define SIZEOF_CHAR 1
| #define SIZEOF_SHORT 2
| #define SIZEOF_INT 4
| #define SIZEOF_LONG 4
| #define SIZEOF_FLOAT 4
| #define SIZEOF_DOUBLE 8
| #define HAVE_TLS 1
| #define HAVE_GETTIMEOFDAY 1
| #define HAVE_INET_NTOA 1
| #define HAVE_DECL_STRLCPY 0
| /* end confdefs.h.  */
| /* Define strlcat to an innocuous variant, in case <limits.h> declares strlcat.
|    For example, HP-UX 11i <limits.h> declares gettimeofday.  */
| #define strlcat innocuous_strlcat
| 
| /* System header to define __stub macros and hopefully few prototypes,
|     which can conflict with char strlcat (); below.
|     Prefer <limits.h> to <assert.h> if __STDC__ is defined, since
|     <limits.h> exists even on freestanding compilers.  */
| 
| #ifdef __STDC__
| # include <limits.h>
| #else
| # include <assert.h>
| #endif
| 
| #undef strlcat
| 
| /* Override any GCC internal prototype to avoid an error.
|    Use char because int might match the return type of a GCC
|    builtin and then its argument prototype would still apply.  */
| #ifdef __cplusplus
| extern "C"
| #endif
| char strlcat ();
| /* The GNU C library defines this for functions which it implements
|     to always fail with ENOSYS.  Some functions are actually named
|     something starting with __ and the normal name is an alias.  */
| #if defined __stub_strlcat || defined __stub___strlcat
| choke me
| #endif
| 
| int
| main ()
| {
| return strlcat ();
|   ;
|   return 0;
| }
configure:24857: result: no
configure:24869: checking whether strlcat is declared
configure:24898: gcc -c -std=c89 -D__STRICT_ANSI__ -Wmissing-declarations -Wmissing-prototypes -Werror  conftest.c >&5
conftest.c: In function 'main':
conftest.c:78: error: 'strlcat' undeclared (first use in this function)
conftest.c:78: error: (Each undeclared identifier is reported only once
conftest.c:78: error: for each function it appears in.)
configure:24905: $? = 1
configure: failed program was:
| /* confdefs.h.  */
| #define PACKAGE_NAME "e_libs"
| #define PACKAGE_TARNAME "e_libs"
| #define PACKAGE_VERSION "1.1.0"
| #define PACKAGE_STRING "e_libs 1.1.0"
| #define PACKAGE_BUGREPORT ""
| #define PACKAGE "e_libs"
| #define VERSION "1.1.0"
| #define STDC_HEADERS 1
| #define E_LIBS_LOG_ENABLE 1
| #define E_LIBS_NET_ENABLE 1
| #define E_LIBS_TIMER_ENABLE 1
| #define E_LIBS_STARTUP_ENABLE 1
| #define E_LIBS_CONF_ENABLE 1
| #define E_LIBS_ASSERT_ENABLE 1
| #define HAVE_SYS_TYPES_H 1
| #define HAVE_SYS_STAT_H 1
| #define HAVE_STDLIB_H 1
| #define HAVE_STRING_H 1
| #define HAVE_MEMORY_H 1
| #define HAVE_STRINGS_H 1
| #define HAVE_INTTYPES_H 1
| #define HAVE_STDINT_H 1
| #define HAVE_UNISTD_H 1
| #define HAVE_DLFCN_H 1
| #define HAVE_C_VARARRAYS 1
| #ifndef __cplusplus
| #define inline 
| #endif
| #define SIZEOF_CHAR 1
| #define SIZEOF_SHORT 2
| #define SIZEOF_INT 4
| #define SIZEOF_LONG 4
| #define SIZEOF_FLOAT 4
| #define SIZEOF_DOUBLE 8
| #define HAVE_TLS 1
| #define HAVE_GETTIMEOFDAY 1
| #define HAVE_INET_NTOA 1
| #define HAVE_DECL_STRLCPY 0
| /* end confdefs.h.  */
| #include <stdio.h>
| #ifdef HAVE_SYS_TYPES_H
| # include <sys/types.h>
| #endif
| #ifdef HAVE_SYS_STAT_H
| # include <sys/stat.h>
| #endif
| #ifdef STDC_HEADERS
| # include <stdlib.h>
| # include <stddef.h>
| #else
| # ifdef HAVE_STDLIB_H
| #  include <stdlib.h>
| # endif
| #endif
| #ifdef HAVE_STRING_H
| # if !defined STDC_HEADERS && defined HAVE_MEMORY_H
| #  include <memory.h>
| # endif
| # include <string.h>
| #endif
| #ifdef HAVE_STRINGS_H
| # include <strings.h>
| #endif
| #ifdef HAVE_INTTYPES_H
| # include <inttypes.h>
| #endif
| #ifdef HAVE_STDINT_H
| # include <stdint.h>
| #endif
| #ifdef HAVE_UNISTD_H
| # include <unistd.h>
| #endif
| int
| main ()
| {
| #ifndef strlcat
|   (void) strlcat;
| #endif
| 
|   ;
|   return 0;
| }
configure:24920: result: no
configure:24942: checking for strdup
configure:24998: gcc -o conftest -std=c89 -D__STRICT_ANSI__ -Wmissing-declarations -Wmissing-prototypes -Werror   conftest.c  >&5
configure:25005: $? = 0
configure:25027: result: yes
configure:25039: checking whether strdup is declared
configure:25068: gcc -c -std=c89 -D__STRICT_ANSI__ -Wmissing-declarations -Wmissing-prototypes -Werror  conftest.c >&5
conftest.c: In function 'main':
conftest.c:80: error: 'strdup' undeclared (first use in this function)
conftest.c:80: error: (Each undeclared identifier is reported only once
conftest.c:80: error: for each function it appears in.)
configure:25075: $? = 1
configure: failed program was:
| /* confdefs.h.  */
| #define PACKAGE_NAME "e_libs"
| #define PACKAGE_TARNAME "e_libs"
| #define PACKAGE_VERSION "1.1.0"
| #define PACKAGE_STRING "e_libs 1.1.0"
| #define PACKAGE_BUGREPORT ""
| #define PACKAGE "e_libs"
| #define VERSION "1.1.0"
| #define STDC_HEADERS 1
| #define E_LIBS_LOG_ENABLE 1
| #define E_LIBS_NET_ENABLE 1
| #define E_LIBS_TIMER_ENABLE 1
| #define E_LIBS_STARTUP_ENABLE 1
| #define E_LIBS_CONF_ENABLE 1
| #define E_LIBS_ASSERT_ENABLE 1
| #define HAVE_SYS_TYPES_H 1
| #define HAVE_SYS_STAT_H 1
| #define HAVE_STDLIB_H 1
| #define HAVE_STRING_H 1
| #define HAVE_MEMORY_H 1
| #define HAVE_STRINGS_H 1
| #define HAVE_INTTYPES_H 1
| #define HAVE_STDINT_H 1
| #define HAVE_UNISTD_H 1
| #define HAVE_DLFCN_H 1
| #define HAVE_C_VARARRAYS 1
| #ifndef __cplusplus
| #define inline 
| #endif
| #define SIZEOF_CHAR 1
| #define SIZEOF_SHORT 2
| #define SIZEOF_INT 4
| #define SIZEOF_LONG 4
| #define SIZEOF_FLOAT 4
| #define SIZEOF_DOUBLE 8
| #define HAVE_TLS 1
| #define HAVE_GETTIMEOFDAY 1
| #define HAVE_INET_NTOA 1
| #define HAVE_DECL_STRLCPY 0
| #define HAVE_DECL_STRLCAT 0
| #define HAVE_STRDUP 1
| /* end confdefs.h.  */
| #include <stdio.h>
| #ifdef HAVE_SYS_TYPES_H
| # include <sys/types.h>
| #endif
| #ifdef HAVE_SYS_STAT_H
| # include <sys/stat.h>
| #endif
| #ifdef STDC_HEADERS
| # include <stdlib.h>
| # include <stddef.h>
| #else
| # ifdef HAVE_STDLIB_H
| #  include <stdlib.h>
| # endif
| #endif
| #ifdef HAVE_STRING_H
| # if !defined STDC_HEADERS && defined HAVE_MEMORY_H
| #  include <memory.h>
| # endif
| # include <string.h>
| #endif
| #ifdef HAVE_STRINGS_H
| # include <strings.h>
| #endif
| #ifdef HAVE_INTTYPES_H
| # include <inttypes.h>
| #endif
| #ifdef HAVE_STDINT_H
| # include <stdint.h>
| #endif
| #ifdef HAVE_UNISTD_H
| # include <unistd.h>
| #endif
| int
| main ()
| {
| #ifndef strdup
|   (void) strdup;
| #endif
| 
|   ;
|   return 0;
| }
configure:25090: result: no
configure:25112: checking for snprintf
configure:25168: gcc -o conftest -std=c89 -D__STRICT_ANSI__ -Wmissing-declarations -Wmissing-prototypes -Werror   conftest.c  >&5
configure:25175: $? = 0
configure:25197: result: yes
configure:25213: checking for vsnprintf
configure:25269: gcc -o conftest -std=c89 -D__STRICT_ANSI__ -Wmissing-declarations -Wmissing-prototypes -Werror   conftest.c  >&5
configure:25276: $? = 0
configure:25298: result: yes
configure:25310: checking whether vsnprintf is declared
configure:25339: gcc -c -std=c89 -D__STRICT_ANSI__ -Wmissing-declarations -Wmissing-prototypes -Werror  conftest.c >&5
conftest.c: In function 'main':
conftest.c:83: error: 'vsnprintf' undeclared (first use in this function)
conftest.c:83: error: (Each undeclared identifier is reported only once
conftest.c:83: error: for each function it appears in.)
configure:25346: $? = 1
configure: failed program was:
| /* confdefs.h.  */
| #define PACKAGE_NAME "e_libs"
| #define PACKAGE_TARNAME "e_libs"
| #define PACKAGE_VERSION "1.1.0"
| #define PACKAGE_STRING "e_libs 1.1.0"
| #define PACKAGE_BUGREPORT ""
| #define PACKAGE "e_libs"
| #define VERSION "1.1.0"
| #define STDC_HEADERS 1
| #define E_LIBS_LOG_ENABLE 1
| #define E_LIBS_NET_ENABLE 1
| #define E_LIBS_TIMER_ENABLE 1
| #define E_LIBS_STARTUP_ENABLE 1
| #define E_LIBS_CONF_ENABLE 1
| #define E_LIBS_ASSERT_ENABLE 1
| #define HAVE_SYS_TYPES_H 1
| #define HAVE_SYS_STAT_H 1
| #define HAVE_STDLIB_H 1
| #define HAVE_STRING_H 1
| #define HAVE_MEMORY_H 1
| #define HAVE_STRINGS_H 1
| #define HAVE_INTTYPES_H 1
| #define HAVE_STDINT_H 1
| #define HAVE_UNISTD_H 1
| #define HAVE_DLFCN_H 1
| #define HAVE_C_VARARRAYS 1
| #ifndef __cplusplus
| #define inline 
| #endif
| #define SIZEOF_CHAR 1
| #define SIZEOF_SHORT 2
| #define SIZEOF_INT 4
| #define SIZEOF_LONG 4
| #define SIZEOF_FLOAT 4
| #define SIZEOF_DOUBLE 8
| #define HAVE_TLS 1
| #define HAVE_GETTIMEOFDAY 1
| #define HAVE_INET_NTOA 1
| #define HAVE_DECL_STRLCPY 0
| #define HAVE_DECL_STRLCAT 0
| #define HAVE_STRDUP 1
| #define HAVE_DECL_STRDUP 0
| #define HAVE_SNPRINTF 1
| #define HAVE_VSNPRINTF 1
| /* end confdefs.h.  */
| #include <stdio.h>
| #ifdef HAVE_SYS_TYPES_H
| # include <sys/types.h>
| #endif
| #ifdef HAVE_SYS_STAT_H
| # include <sys/stat.h>
| #endif
| #ifdef STDC_HEADERS
| # include <stdlib.h>
| # include <stddef.h>
| #else
| # ifdef HAVE_STDLIB_H
| #  include <stdlib.h>
| # endif
| #endif
| #ifdef HAVE_STRING_H
| # if !defined STDC_HEADERS && defined HAVE_MEMORY_H
| #  include <memory.h>
| # endif
| # include <string.h>
| #endif
| #ifdef HAVE_STRINGS_H
| # include <strings.h>
| #endif
| #ifdef HAVE_INTTYPES_H
| # include <inttypes.h>
| #endif
| #ifdef HAVE_STDINT_H
| # include <stdint.h>
| #endif
| #ifdef HAVE_UNISTD_H
| # include <unistd.h>
| #endif
| int
| main ()
| {
| #ifndef vsnprintf
|   (void) vsnprintf;
| #endif
| 
|   ;
|   return 0;
| }
configure:25361: result: no
configure:25383: checking for timegm
configure:25439: gcc -o conftest -std=c89 -D__STRICT_ANSI__ -Wmissing-declarations -Wmissing-prototypes -Werror   conftest.c  >&5
configure:25446: $? = 0
configure:25468: result: yes
configure:25484: checking for clock
configure:25540: gcc -o conftest -std=c89 -D__STRICT_ANSI__ -Wmissing-declarations -Wmissing-prototypes -Werror   conftest.c  >&5
configure:25547: $? = 0
configure:25569: result: yes
configure:25585: checking for time
configure:25641: gcc -o conftest -std=c89 -D__STRICT_ANSI__ -Wmissing-declarations -Wmissing-prototypes -Werror   conftest.c  >&5
configure:25648: $? = 0
configure:25670: result: yes
configure:25686: checking for getopt
configure:25742: gcc -o conftest -std=c89 -D__STRICT_ANSI__ -Wmissing-declarations -Wmissing-prototypes -Werror   conftest.c  >&5
configure:25749: $? = 0
configure:25771: result: yes
configure:25785: checking for event_dispatch in -levent
configure:25820: gcc -o conftest -std=c89 -D__STRICT_ANSI__ -Wmissing-declarations -Wmissing-prototypes -Werror   conftest.c -levent   >&5
configure:25827: $? = 0
configure:25848: result: yes
configure:25954: checking fcntl.h usability
configure:25971: gcc -c -std=c89 -D__STRICT_ANSI__ -Wmissing-declarations -Wmissing-prototypes -Werror  conftest.c >&5
configure:25978: $? = 0
configure:25992: result: yes
configure:25996: checking fcntl.h presence
configure:26011: gcc -E  conftest.c
configure:26018: $? = 0
configure:26032: result: yes
configure:26060: checking for fcntl.h
configure:26069: result: yes
configure:25943: checking for unistd.h
configure:25950: result: yes
configure:26089: checking for socklen_t
configure:26115: gcc -c -std=c89 -D__STRICT_ANSI__ -Wmissing-declarations -Wmissing-prototypes -Werror  conftest.c >&5
configure:26122: $? = 0
configure:26127: result: yes
configure:26341: creating ./config.status

## ---------------------- ##
## Running config.status. ##
## ---------------------- ##

This file was extended by e_libs config.status 1.1.0, which was
generated by GNU Autoconf 2.63.  Invocation command line was

  CONFIG_FILES    = 
  CONFIG_HEADERS  = 
  CONFIG_LINKS    = 
  CONFIG_COMMANDS = 
  $ ./config.status 

on localhost.localdomain

config.status:864: creating Makefile
config.status:864: creating Makefile.win
config.status:864: creating src/Makefile
config.status:864: creating src/Makefile.win
config.status:864: creating tests/Makefile
config.status:864: creating tests/Makefile.win
config.status:864: creating doc/Makefile
config.status:864: creating doxygen/doxyfile
config.status:864: creating e_libs-1.0.pc
config.status:864: creating e_libs_buff-1.0.pc
config.status:864: creating e_libs_utils-1.0.pc
config.status:864: creating e_libs_crc-1.0.pc
config.status:864: creating e_libs_net-1.0.pc
config.status:864: creating e_libs_conf-1.0.pc
config.status:864: creating e_libs_check-1.0.pc
config.status:864: creating e_libs_config.h
config.status:1138: executing depfiles commands

## ---------------- ##
## Cache variables. ##
## ---------------- ##

ac_cv_build=i686-pc-linux-gnu
ac_cv_c_bigendian=no
ac_cv_c_compiler_gnu=yes
ac_cv_c_inline=no
ac_cv_c_vararrays=yes
ac_cv_cxx_compiler_gnu=no
ac_cv_env_CCC_set=
ac_cv_env_CCC_value=
ac_cv_env_CC_set=
ac_cv_env_CC_value=
ac_cv_env_CFLAGS_set=
ac_cv_env_CFLAGS_value=
ac_cv_env_CPPFLAGS_set=
ac_cv_env_CPPFLAGS_value=
ac_cv_env_CPP_set=
ac_cv_env_CPP_value=
ac_cv_env_CXXCPP_set=
ac_cv_env_CXXCPP_value=
ac_cv_env_CXXFLAGS_set=
ac_cv_env_CXXFLAGS_value=
ac_cv_env_CXX_set=
ac_cv_env_CXX_value=
ac_cv_env_F77_set=
ac_cv_env_F77_value=
ac_cv_env_FFLAGS_set=
ac_cv_env_FFLAGS_value=
ac_cv_env_LDFLAGS_set=
ac_cv_env_LDFLAGS_value=
ac_cv_env_LIBS_set=
ac_cv_env_LIBS_value=
ac_cv_env_build_alias_set=
ac_cv_env_build_alias_value=
ac_cv_env_host_alias_set=
ac_cv_env_host_alias_value=
ac_cv_env_target_alias_set=
ac_cv_env_target_alias_value=
ac_cv_f77_compiler_gnu=no
ac_cv_func_clock=yes
ac_cv_func_dlopen=no
ac_cv_func_getopt=yes
ac_cv_func_gettimeofday=yes
ac_cv_func_inet_ntoa=yes
ac_cv_func_shl_load=no
ac_cv_func_snprintf=yes
ac_cv_func_strdup=yes
ac_cv_func_strlcat=no
ac_cv_func_strlcpy=no
ac_cv_func_time=yes
ac_cv_func_timegm=yes
ac_cv_func_vsnprintf=yes
ac_cv_have_decl_strdup=no
ac_cv_have_decl_strlcat=no
ac_cv_have_decl_strlcpy=no
ac_cv_have_decl_vsnprintf=no
ac_cv_header_dlfcn_h=yes
ac_cv_header_fcntl_h=yes
ac_cv_header_inttypes_h=yes
ac_cv_header_memory_h=yes
ac_cv_header_stdc=yes
ac_cv_header_stdint_h=yes
ac_cv_header_stdlib_h=yes
ac_cv_header_string_h=yes
ac_cv_header_strings_h=yes
ac_cv_header_sys_stat_h=yes
ac_cv_header_sys_types_h=yes
ac_cv_header_unistd_h=yes
ac_cv_host=i686-pc-linux-gnu
ac_cv_lib_dl_dlopen=yes
ac_cv_lib_dld_shl_load=no
ac_cv_lib_event_event_dispatch=yes
ac_cv_objext=o
ac_cv_path_EGREP='/bin/grep -E'
ac_cv_path_GREP=/bin/grep
ac_cv_path_install='/usr/bin/install -c'
ac_cv_path_mkdir=/bin/mkdir
ac_cv_prog_AWK=gawk
ac_cv_prog_CPP='gcc -E'
ac_cv_prog_ac_ct_AR=ar
ac_cv_prog_ac_ct_CC=gcc
ac_cv_prog_ac_ct_RANLIB=ranlib
ac_cv_prog_ac_ct_STRIP=strip
ac_cv_prog_cc_c89=
ac_cv_prog_cc_g=yes
ac_cv_prog_cxx_g=no
ac_cv_prog_f77_g=no
ac_cv_prog_make_make_set=yes
ac_cv_sizeof_char=1
ac_cv_sizeof_double=8
ac_cv_sizeof_float=4
ac_cv_sizeof_int=4
ac_cv_sizeof_long=4
ac_cv_sizeof_short=2
am_cv_CC_dependencies_compiler_type=gcc3
am_cv_CXX_dependencies_compiler_type=none
lt_cv_deplibs_check_method=pass_all
lt_cv_dlopen=dlopen
lt_cv_dlopen_libs=-ldl
lt_cv_dlopen_self=yes
lt_cv_dlopen_self_static=no
lt_cv_file_magic_cmd='$MAGIC_CMD'
lt_cv_file_magic_test_file=
lt_cv_ld_reload_flag=-r
lt_cv_objdir=.libs
lt_cv_path_LD=/usr/bin/ld
lt_cv_path_NM='/usr/bin/nm -B'
lt_cv_path_SED=/bin/sed
lt_cv_prog_compiler_c_o=yes
lt_cv_prog_compiler_pic_works=yes
lt_cv_prog_compiler_rtti_exceptions=no
lt_cv_prog_compiler_static_works=yes
lt_cv_prog_gnu_ld=yes
lt_cv_sys_global_symbol_pipe='sed -n -e '\''s/^.*[ 	]\([ABCDGIRSTW][ABCDGIRSTW]*\)[ 	][ 	]*\([_A-Za-z][_A-Za-z0-9]*\)$/\1 \2 \2/p'\'''
lt_cv_sys_global_symbol_to_c_name_address='sed -n -e '\''s/^: \([^ ]*\) $/  {\"\1\", (lt_ptr) 0},/p'\'' -e '\''s/^[BCDEGRST] \([^ ]*\) \([^ ]*\)$/  {"\2", (lt_ptr) \&\2},/p'\'''
lt_cv_sys_global_symbol_to_cdecl='sed -n -e '\''s/^. .* \(.*\)$/extern int \1;/p'\'''
lt_cv_sys_lib_dlsearch_path_spec='/usr/lib /lib /usr/lib/qt-3.3/lib /usr/lib/xulrunner-1.9 '
lt_cv_sys_lib_search_path_spec='/usr/lib /lib /usr/local/lib'
lt_cv_sys_max_cmd_len=1966080
lt_lt_cv_prog_compiler_c_o='"yes"'
lt_lt_cv_sys_global_symbol_pipe='"sed -n -e '\''s/^.*[ 	]\\([ABCDGIRSTW][ABCDGIRSTW]*\\)[ 	][ 	]*\\([_A-Za-z][_A-Za-z0-9]*\\)\$/\\1 \\2 \\2/p'\''"'
lt_lt_cv_sys_global_symbol_to_c_name_address='"sed -n -e '\''s/^: \\([^ ]*\\) \$/  {\\\"\\1\\\", (lt_ptr) 0},/p'\'' -e '\''s/^[BCDEGRST] \\([^ ]*\\) \\([^ ]*\\)\$/  {\"\\2\", (lt_ptr) \\&\\2},/p'\''"'
lt_lt_cv_sys_global_symbol_to_cdecl='"sed -n -e '\''s/^. .* \\(.*\\)\$/extern int \\1;/p'\''"'

## ----------------- ##
## Output variables. ##
## ----------------- ##

ACLOCAL='${SHELL} /root/svn/e_libs/tags/e_libs_1_1_0/missing --run aclocal-1.11'
AMDEPBACKSLASH='\'
AMDEP_FALSE='#'
AMDEP_TRUE=''
AMTAR='${SHELL} /root/svn/e_libs/tags/e_libs_1_1_0/missing --run tar'
AR='ar'
AS='as'
AUTOCONF='${SHELL} /root/svn/e_libs/tags/e_libs_1_1_0/missing --run autoconf'
AUTOHEADER='${SHELL} /root/svn/e_libs/tags/e_libs_1_1_0/missing --run autoheader'
AUTOMAKE='${SHELL} /root/svn/e_libs/tags/e_libs_1_1_0/missing --run automake-1.11'
AWK='gawk'
CC='gcc'
CCDEPMODE='depmode=gcc3'
CFLAGS='-std=c89 -D__STRICT_ANSI__ -Wmissing-declarations -Wmissing-prototypes -Werror -Wall -Wcast-align -Wstrict-prototypes -Wpointer-arith -Wreturn-type -Wfloat-equal -Wdeclaration-after-statement -Wshadow -Wwrite-strings -pedantic -Wmissing-field-initializers -Wsign-compare -Os -Wuninitialized'
CPP='gcc -E'
CPPFLAGS=''
CXX='g++'
CXXCPP=''
CXXDEPMODE='depmode=none'
CXXFLAGS=''
CYGPATH_W='echo'
DEFS='-DHAVE_CONFIG_H'
DEPDIR='.deps'
DLLTOOL='dlltool'
DSYMUTIL=''
ECHO='echo'
ECHO_C=''
ECHO_N='-n'
ECHO_T=''
EGREP='/bin/grep -E'
EXEEXT=''
E_LIBS_ASSERT_ENABLE_FALSE='#'
E_LIBS_ASSERT_ENABLE_TRUE=''
E_LIBS_CONF_ENABLE_FALSE='#'
E_LIBS_CONF_ENABLE_TRUE=''
E_LIBS_LOG_ENABLE_FALSE='#'
E_LIBS_LOG_ENABLE_TRUE=''
E_LIBS_NET_ENABLE_FALSE='#'
E_LIBS_NET_ENABLE_TRUE=''
E_LIBS_STARTUP_ENABLE_FALSE='#'
E_LIBS_STARTUP_ENABLE_TRUE=''
E_LIBS_TIMER_ENABLE_FALSE='#'
E_LIBS_TIMER_ENABLE_TRUE=''
F77=''
FFLAGS=''
GREP='/bin/grep'
INSTALL_DATA='${INSTALL} -m 644'
INSTALL_PROGRAM='${INSTALL}'
INSTALL_SCRIPT='${INSTALL}'
INSTALL_STRIP_PROGRAM='$(install_sh) -c -s'
LDFLAGS=''
LIBOBJS=''
LIBS=''
LIBTOOL='$(SHELL) $(top_builddir)/libtool'
LN_S='ln -s'
LTLIBOBJS=''
MAKEINFO='${SHELL} /root/svn/e_libs/tags/e_libs_1_1_0/missing --run makeinfo'
MKDIR_P='/bin/mkdir -p'
NMEDIT=''
OBJDUMP='objdump'
OBJEXT='o'
PACKAGE='e_libs'
PACKAGE_BUGREPORT=''
PACKAGE_NAME='e_libs'
PACKAGE_STRING='e_libs 1.1.0'
PACKAGE_TARNAME='e_libs'
PACKAGE_VERSION='1.1.0'
PATH_SEPARATOR=':'
RANLIB='ranlib'
SED='/bin/sed'
SET_MAKE=''
SHELL='/bin/sh'
STRIP='strip'
TARGET_LD_OPTS=''
VERSION='1.1.0'
VERSION_INFO='0:1:0'
WINE=''
WINEPATH=''
ac_ct_CC='gcc'
ac_ct_CXX=''
ac_ct_F77=''
am__EXEEXT_FALSE=''
am__EXEEXT_TRUE='#'
am__fastdepCC_FALSE='#'
am__fastdepCC_TRUE=''
am__fastdepCXX_FALSE=''
am__fastdepCXX_TRUE='#'
am__include='include'
am__isrc=''
am__leading_dot='.'
am__quote=''
am__tar='${AMTAR} chof - "$$tardir"'
am__untar='${AMTAR} xf -'
bindir='${exec_prefix}/bin'
build='i686-pc-linux-gnu'
build_alias=''
build_cpu='i686'
build_os='linux-gnu'
build_vendor='pc'
datadir='${datarootdir}'
datarootdir='${prefix}/share'
docdir='${datarootdir}/doc/${PACKAGE_TARNAME}'
dvidir='${docdir}'
event_LIBS='-levent'
exec_prefix='${prefix}'
host='i686-pc-linux-gnu'
host_alias=''
host_cpu='i686'
host_os='linux-gnu'
host_vendor='pc'
htmldir='${docdir}'
includedir='${prefix}/include'
infodir='${datarootdir}/info'
install_sh='${SHELL} /root/svn/e_libs/tags/e_libs_1_1_0/install-sh'
libdir='${exec_prefix}/lib'
libexecdir='${exec_prefix}/libexec'
localedir='${datarootdir}/locale'
localstatedir='${prefix}/var'
mandir='${datarootdir}/man'
mkdir_p='/bin/mkdir -p'
oldincludedir='/usr/include'
pdfdir='${docdir}'
prefix='/root/tmp_install'
program_transform_name='s,x,x,'
psdir='${docdir}'
sbindir='${exec_prefix}/sbin'
sharedstatedir='${prefix}/com'
sysconfdir='${prefix}/etc'
target_alias=''
wsock32_LIBS=''

## ----------- ##
## confdefs.h. ##
## ----------- ##

#define PACKAGE_NAME "e_libs"
#define PACKAGE_TARNAME "e_libs"
#define PACKAGE_VERSION "1.1.0"
#define PACKAGE_STRING "e_libs 1.1.0"
#define PACKAGE_BUGREPORT ""
#define PACKAGE "e_libs"
#define VERSION "1.1.0"
#define STDC_HEADERS 1
#define E_LIBS_LOG_ENABLE 1
#define E_LIBS_NET_ENABLE 1
#define E_LIBS_TIMER_ENABLE 1
#define E_LIBS_STARTUP_ENABLE 1
#define E_LIBS_CONF_ENABLE 1
#define E_LIBS_ASSERT_ENABLE 1
#define HAVE_SYS_TYPES_H 1
#define HAVE_SYS_STAT_H 1
#define HAVE_STDLIB_H 1
#define HAVE_STRING_H 1
#define HAVE_MEMORY_H 1
#define HAVE_STRINGS_H 1
#define HAVE_INTTYPES_H 1
#define HAVE_STDINT_H 1
#define HAVE_UNISTD_H 1
#define HAVE_DLFCN_H 1
#define HAVE_C_VARARRAYS 1
#ifndef __cplusplus
#define inline 
#endif
#define SIZEOF_CHAR 1
#define SIZEOF_SHORT 2
#define SIZEOF_INT 4
#define SIZEOF_LONG 4
#define SIZEOF_FLOAT 4
#define SIZEOF_DOUBLE 8
#define HAVE_TLS 1
#define HAVE_GETTIMEOFDAY 1
#define HAVE_INET_NTOA 1
#define HAVE_DECL_STRLCPY 0
#define HAVE_DECL_STRLCAT 0
#define HAVE_STRDUP 1
#define HAVE_DECL_STRDUP 0
#define HAVE_SNPRINTF 1
#define HAVE_VSNPRINTF 1
#define HAVE_DECL_VSNPRINTF 0
#define HAVE_TIMEGM 1
#define HAVE_CLOCK 1
#define HAVE_TIME 1
#define HAVE_GETOPT 1
#define HAVE_FCNTL_H 1
#define HAVE_UNISTD_H 1

configure: exit 0
